Using pre-set license
Built from '2020.3/staging' branch; Version is '2020.3.8f1 (507919d4fff5) revision 5273881'; Using compiler version '192528614'; Build Type 'Release'
OS: 'Windows 10 Pro; OS build 19042.1165; Version 2009; 64bit' Language: 'pt' Physical Memory: 16281 MB
BatchMode: 1, IsHumanControllingUs: 0, StartBugReporterOnCrash: 0, Is64bit: 1, IsPro: 0

 COMMAND LINE ARGUMENTS:
C:\Program Files\Unity\Hub\Editor\2020.3.8f1\Editor\Unity.exe
-adb2
-batchMode
-noUpm
-name
AssetImportWorker0
-projectPath
D:/Pessoal/Unity Hub/games/FGame
-logFile
Logs/AssetImportWorker0.log
-srvPort
60870
Successfully changed project path to: D:/Pessoal/Unity Hub/games/FGame
D:/Pessoal/Unity Hub/games/FGame
Using Asset Import Pipeline V2.
Refreshing native plugins compatible for Editor in 57.97 ms, found 1 plugins.
Preloading 0 native plugins for Editor in 0.00 ms.
Initialize engine version: 2020.3.8f1 (507919d4fff5)
[Subsystems] Discovering subsystems at path C:/Program Files/Unity/Hub/Editor/2020.3.8f1/Editor/Data/Resources/UnitySubsystems
[Subsystems] Discovering subsystems at path D:/Pessoal/Unity Hub/games/FGame/Assets
GfxDevice: creating device client; threaded=0
Direct3D:
    Version:  Direct3D 11.0 [level 11.1]
    Renderer: NVIDIA GeForce MX150 (ID=0x1d10)
    Vendor:   
    VRAM:     4027 MB
    Driver:   27.21.14.5167
Initialize mono
Mono path[0] = 'C:/Program Files/Unity/Hub/Editor/2020.3.8f1/Editor/Data/Managed'
Mono path[1] = 'C:/Program Files/Unity/Hub/Editor/2020.3.8f1/Editor/Data/MonoBleedingEdge/lib/mono/unityjit'
Mono config path = 'C:/Program Files/Unity/Hub/Editor/2020.3.8f1/Editor/Data/MonoBleedingEdge/etc'
Using monoOptions --debugger-agent=transport=dt_socket,embedding=1,server=y,suspend=n,address=127.0.0.1:56516
Begin MonoManager ReloadAssembly
Registering precompiled unity dll's ...
Register platform support module: C:/Program Files/Unity/Hub/Editor/2020.3.8f1/Editor/Data/PlaybackEngines/WindowsStandaloneSupport/UnityEditor.WindowsStandalone.Extensions.dll
Registered in 0.003708 seconds.
Native extension for WindowsStandalone target not found
Refreshing native plugins compatible for Editor in 56.50 ms, found 1 plugins.
Preloading 0 native plugins for Editor in 0.00 ms.
Mono: successfully reloaded assembly
- Completed reload, in  1.621 seconds
Platform modules already initialized, skipping
Registering precompiled user dll's ...
Registered in 0.001566 seconds.
Begin MonoManager ReloadAssembly
Native extension for WindowsStandalone target not found
Refreshing native plugins compatible for Editor in 67.44 ms, found 1 plugins.
Preloading 0 native plugins for Editor in 0.00 ms.
Mono: successfully reloaded assembly
- Completed reload, in  1.329 seconds
Platform modules already initialized, skipping
========================================================================
Worker process is ready to serve import requests
Launched and connected shader compiler UnityShaderCompiler.exe after 0.07 seconds
Refreshing native plugins compatible for Editor in 0.54 ms, found 1 plugins.
Preloading 0 native plugins for Editor in 0.00 ms.
Unloading 1836 Unused Serialized files (Serialized files now loaded: 0)
System memory in use before: 88.1 MB.
System memory in use after: 88.0 MB.

Unloading 24 unused Assets to reduce memory usage. Loaded Objects now: 2281.
Total: 2.810400 ms (FindLiveObjects: 0.267500 ms CreateObjectMapping: 0.119100 ms MarkObjects: 2.255200 ms  DeleteObjects: 0.167300 ms)

========================================================================
Received Import Request.
  path: Assets/Main Game/Animation/Player.controller
  artifactKey: Guid(489b1b2548b78c24d8fc517db0ce604a) Importer(815301076,1909f56bfc062723c751e8b465ee728b)
Start importing Assets/Main Game/Animation/Player.controller using Guid(489b1b2548b78c24d8fc517db0ce604a) Importer(815301076,1909f56bfc062723c751e8b465ee728b)  -> (artifact id: 'f2f8c9e773849bcce20b0ed930e67442') in 0.062564 seconds
  Import took 2.182136 seconds .

========================================================================
Received Import Request.
  Time since last request: 0.020600 seconds.
  path: Assets/Main Game/Animation/Player.controller
  artifactKey: Guid(489b1b2548b78c24d8fc517db0ce604a) Importer(815301076,1909f56bfc062723c751e8b465ee728b)
Start importing Assets/Main Game/Animation/Player.controller using Guid(489b1b2548b78c24d8fc517db0ce604a) Importer(815301076,1909f56bfc062723c751e8b465ee728b)  -> (artifact id: 'f2f8c9e773849bcce20b0ed930e67442') in 0.004676 seconds
  Import took 0.009928 seconds .

========================================================================
Received Prepare
Registering precompiled user dll's ...
Registered in 0.001352 seconds.
Begin MonoManager ReloadAssembly
Native extension for WindowsStandalone target not found
Refreshing native plugins compatible for Editor in 0.54 ms, found 1 plugins.
Preloading 0 native plugins for Editor in 0.00 ms.
Mono: successfully reloaded assembly
- Completed reload, in  1.436 seconds
Platform modules already initialized, skipping
Refreshing native plugins compatible for Editor in 0.78 ms, found 1 plugins.
Preloading 0 native plugins for Editor in 0.00 ms.
Unloading 1818 Unused Serialized files (Serialized files now loaded: 0)
System memory in use before: 86.8 MB.
System memory in use after: 86.8 MB.

Unloading 12 unused Assets to reduce memory usage. Loaded Objects now: 2285.
Total: 4.611800 ms (FindLiveObjects: 0.343100 ms CreateObjectMapping: 0.143800 ms MarkObjects: 3.976300 ms  DeleteObjects: 0.147100 ms)

========================================================================
Received Prepare
Registering precompiled user dll's ...
Registered in 0.002129 seconds.
Begin MonoManager ReloadAssembly
Native extension for WindowsStandalone target not found
Refreshing native plugins compatible for Editor in 0.82 ms, found 1 plugins.
Preloading 0 native plugins for Editor in 0.00 ms.
Mono: successfully reloaded assembly
- Completed reload, in  1.065 seconds
Platform modules already initialized, skipping
Refreshing native plugins compatible for Editor in 0.49 ms, found 1 plugins.
Preloading 0 native plugins for Editor in 0.00 ms.
Unloading 1818 Unused Serialized files (Serialized files now loaded: 0)
System memory in use before: 86.8 MB.
System memory in use after: 86.8 MB.

Unloading 12 unused Assets to reduce memory usage. Loaded Objects now: 2289.
Total: 2.385100 ms (FindLiveObjects: 0.206700 ms CreateObjectMapping: 0.052700 ms MarkObjects: 2.018800 ms  DeleteObjects: 0.106000 ms)

========================================================================
Received Prepare
Registering precompiled user dll's ...
Registered in 0.008305 seconds.
Begin MonoManager ReloadAssembly
Native extension for WindowsStandalone target not found
Refreshing native plugins compatible for Editor in 0.50 ms, found 1 plugins.
Preloading 0 native plugins for Editor in 0.00 ms.
Mono: successfully reloaded assembly
- Completed reload, in  1.286 seconds
Platform modules already initialized, skipping
Refreshing native plugins compatible for Editor in 0.45 ms, found 1 plugins.
Preloading 0 native plugins for Editor in 0.00 ms.
Unloading 1818 Unused Serialized files (Serialized files now loaded: 0)
System memory in use before: 86.8 MB.
System memory in use after: 86.8 MB.

Unloading 12 unused Assets to reduce memory usage. Loaded Objects now: 2293.
Total: 2.461700 ms (FindLiveObjects: 0.210100 ms CreateObjectMapping: 0.057100 ms MarkObjects: 2.066400 ms  DeleteObjects: 0.127200 ms)

========================================================================
Received Prepare
Registering precompiled user dll's ...
Registered in 0.001192 seconds.
Begin MonoManager ReloadAssembly
Native extension for WindowsStandalone target not found
Refreshing native plugins compatible for Editor in 0.50 ms, found 1 plugins.
Preloading 0 native plugins for Editor in 0.00 ms.
Mono: successfully reloaded assembly
- Completed reload, in  1.234 seconds
Platform modules already initialized, skipping
Refreshing native plugins compatible for Editor in 0.77 ms, found 1 plugins.
Preloading 0 native plugins for Editor in 0.00 ms.
Unloading 1818 Unused Serialized files (Serialized files now loaded: 0)
System memory in use before: 86.9 MB.
System memory in use after: 86.8 MB.

Unloading 12 unused Assets to reduce memory usage. Loaded Objects now: 2297.
Total: 7.944600 ms (FindLiveObjects: 0.693700 ms CreateObjectMapping: 0.309500 ms MarkObjects: 6.751900 ms  DeleteObjects: 0.184700 ms)

========================================================================
Received Prepare
Registering precompiled user dll's ...
Registered in 0.001043 seconds.
Begin MonoManager ReloadAssembly
Native extension for WindowsStandalone target not found
Refreshing native plugins compatible for Editor in 0.65 ms, found 1 plugins.
Preloading 0 native plugins for Editor in 0.00 ms.
Mono: successfully reloaded assembly
- Completed reload, in  1.144 seconds
Platform modules already initialized, skipping
Refreshing native plugins compatible for Editor in 0.92 ms, found 1 plugins.
Preloading 0 native plugins for Editor in 0.00 ms.
Unloading 1818 Unused Serialized files (Serialized files now loaded: 0)
System memory in use before: 86.9 MB.
System memory in use after: 86.8 MB.

Unloading 12 unused Assets to reduce memory usage. Loaded Objects now: 2301.
Total: 2.421200 ms (FindLiveObjects: 0.322500 ms CreateObjectMapping: 0.065800 ms MarkObjects: 1.917700 ms  DeleteObjects: 0.113500 ms)

========================================================================
Received Prepare
Registering precompiled user dll's ...
Registered in 0.003087 seconds.
Begin MonoManager ReloadAssembly
Native extension for WindowsStandalone target not found
Refreshing native plugins compatible for Editor in 0.59 ms, found 1 plugins.
Preloading 0 native plugins for Editor in 0.00 ms.
Mono: successfully reloaded assembly
- Completed reload, in  2.090 seconds
Platform modules already initialized, skipping
Refreshing native plugins compatible for Editor in 0.58 ms, found 1 plugins.
Preloading 0 native plugins for Editor in 0.00 ms.
Unloading 1818 Unused Serialized files (Serialized files now loaded: 0)
System memory in use before: 86.9 MB.
System memory in use after: 86.9 MB.

Unloading 12 unused Assets to reduce memory usage. Loaded Objects now: 2305.
Total: 5.232700 ms (FindLiveObjects: 0.728100 ms CreateObjectMapping: 0.228900 ms MarkObjects: 3.965900 ms  DeleteObjects: 0.306300 ms)

========================================================================
Received Prepare
Registering precompiled user dll's ...
Registered in 0.001328 seconds.
Begin MonoManager ReloadAssembly
Native extension for WindowsStandalone target not found
Refreshing native plugins compatible for Editor in 0.67 ms, found 1 plugins.
Preloading 0 native plugins for Editor in 0.00 ms.
Mono: successfully reloaded assembly
- Completed reload, in  1.899 seconds
Platform modules already initialized, skipping
Refreshing native plugins compatible for Editor in 0.86 ms, found 1 plugins.
Preloading 0 native plugins for Editor in 0.00 ms.
Unloading 1818 Unused Serialized files (Serialized files now loaded: 0)
System memory in use before: 86.9 MB.
System memory in use after: 86.9 MB.

Unloading 12 unused Assets to reduce memory usage. Loaded Objects now: 2309.
Total: 6.060500 ms (FindLiveObjects: 0.588700 ms CreateObjectMapping: 0.246200 ms MarkObjects: 5.028600 ms  DeleteObjects: 0.193500 ms)

========================================================================
Received Import Request.
  Time since last request: 1344.385768 seconds.
  path: Assets/Main Game/Prefabs/Bullet.prefab
  artifactKey: Guid(cbda0645728d1b74f8c8d30775df5079) Importer(815301076,1909f56bfc062723c751e8b465ee728b)
Start importing Assets/Main Game/Prefabs/Bullet.prefab using Guid(cbda0645728d1b74f8c8d30775df5079) Importer(815301076,1909f56bfc062723c751e8b465ee728b)  -> (artifact id: '20b42c30685fa0b3565b1797034744bb') in 0.266192 seconds
  Import took 0.271036 seconds .

========================================================================
Received Import Request.
  Time since last request: 153.374317 seconds.
  path: Assets/Warped City Assets/Artwork/SPRITES/misc/enemy-explosion/enemy-explosion-1.png
  artifactKey: Guid(6f962f3b4e75746d496c3010cd39cea5) Importer(815301076,1909f56bfc062723c751e8b465ee728b)
Start importing Assets/Warped City Assets/Artwork/SPRITES/misc/enemy-explosion/enemy-explosion-1.png using Guid(6f962f3b4e75746d496c3010cd39cea5) Importer(815301076,1909f56bfc062723c751e8b465ee728b)  -> (artifact id: '4c731a5483cae714b34649d7660c40c1') in 0.116916 seconds
  Import took 0.120378 seconds .

========================================================================
Received Import Request.
  Time since last request: 0.000422 seconds.
  path: Assets/Warped City Assets/Artwork/SPRITES/misc/enemy-explosion/enemy-explosion-6.png
  artifactKey: Guid(f2918979de862409cbf2089f7fd99bc6) Importer(815301076,1909f56bfc062723c751e8b465ee728b)
Start importing Assets/Warped City Assets/Artwork/SPRITES/misc/enemy-explosion/enemy-explosion-6.png using Guid(f2918979de862409cbf2089f7fd99bc6) Importer(815301076,1909f56bfc062723c751e8b465ee728b)  -> (artifact id: '4c211b9915228e5a231f0bf982e32e37') in 0.078825 seconds
  Import took 0.081626 seconds .

========================================================================
Received Import Request.
  Time since last request: 0.000347 seconds.
  path: Assets/Warped City Assets/Artwork/SPRITES/misc/enemy-explosion/enemy-explosion-4.png
  artifactKey: Guid(b5fe33b9056c44d249e9b8fc43b6dd1e) Importer(815301076,1909f56bfc062723c751e8b465ee728b)
Start importing Assets/Warped City Assets/Artwork/SPRITES/misc/enemy-explosion/enemy-explosion-4.png using Guid(b5fe33b9056c44d249e9b8fc43b6dd1e) Importer(815301076,1909f56bfc062723c751e8b465ee728b)  -> (artifact id: 'de5e2e6be4b46be8c82444a2a0463b51') in 0.048151 seconds
  Import took 0.054488 seconds .

========================================================================
Received Import Request.
  Time since last request: 0.000331 seconds.
  path: Assets/Warped City Assets/Artwork/SPRITES/misc/enemy-explosion/enemy-explosion-5.png
  artifactKey: Guid(afb130b24c5274a6182bb53c0d12e23f) Importer(815301076,1909f56bfc062723c751e8b465ee728b)
Start importing Assets/Warped City Assets/Artwork/SPRITES/misc/enemy-explosion/enemy-explosion-5.png using Guid(afb130b24c5274a6182bb53c0d12e23f) Importer(815301076,1909f56bfc062723c751e8b465ee728b)  -> (artifact id: 'b719b6a48abb8c2a10d905aeaa99b373') in 0.049978 seconds
  Import took 0.053287 seconds .

========================================================================
Received Import Request.
  Time since last request: 0.000326 seconds.
  path: Assets/Warped City Assets/Artwork/SPRITES/misc/enemy-explosion/enemy-explosion-2.png
  artifactKey: Guid(e4816b76c47974b188075a4a37fbe55a) Importer(815301076,1909f56bfc062723c751e8b465ee728b)
Start importing Assets/Warped City Assets/Artwork/SPRITES/misc/enemy-explosion/enemy-explosion-2.png using Guid(e4816b76c47974b188075a4a37fbe55a) Importer(815301076,1909f56bfc062723c751e8b465ee728b)  -> (artifact id: '368258f5b5433cbec2e5453610c29bdf') in 0.051116 seconds
  Import took 0.054643 seconds .

========================================================================
Received Import Request.
  Time since last request: 0.000388 seconds.
  path: Assets/Warped City Assets/Artwork/SPRITES/misc/enemy-explosion/enemy-explosion-3.png
  artifactKey: Guid(7ef35a73885d14f1ab8f0925880a2af4) Importer(815301076,1909f56bfc062723c751e8b465ee728b)
Start importing Assets/Warped City Assets/Artwork/SPRITES/misc/enemy-explosion/enemy-explosion-3.png using Guid(7ef35a73885d14f1ab8f0925880a2af4) Importer(815301076,1909f56bfc062723c751e8b465ee728b)  -> (artifact id: 'c4c177f2a3779c434774a35776ec7730') in 0.055452 seconds
  Import took 0.058870 seconds .

========================================================================
Received Import Request.
  Time since last request: 0.000345 seconds.
  path: Assets/Warped City Assets/Artwork/SPRITES/misc/enemy-explosion/enemy-explosion-2.png
  artifactKey: Guid(e4816b76c47974b188075a4a37fbe55a) Importer(815301076,1909f56bfc062723c751e8b465ee728b)
Start importing Assets/Warped City Assets/Artwork/SPRITES/misc/enemy-explosion/enemy-explosion-2.png using Guid(e4816b76c47974b188075a4a37fbe55a) Importer(815301076,1909f56bfc062723c751e8b465ee728b)  -> (artifact id: '368258f5b5433cbec2e5453610c29bdf') in 0.013228 seconds
  Import took 0.017073 seconds .

========================================================================
Received Import Request.
  Time since last request: 0.000333 seconds.
  path: Assets/Warped City Assets/Artwork/SPRITES/misc/enemy-explosion/enemy-explosion-3.png
  artifactKey: Guid(7ef35a73885d14f1ab8f0925880a2af4) Importer(815301076,1909f56bfc062723c751e8b465ee728b)
Start importing Assets/Warped City Assets/Artwork/SPRITES/misc/enemy-explosion/enemy-explosion-3.png using Guid(7ef35a73885d14f1ab8f0925880a2af4) Importer(815301076,1909f56bfc062723c751e8b465ee728b)  -> (artifact id: 'c4c177f2a3779c434774a35776ec7730') in 0.010259 seconds
  Import took 0.013746 seconds .

========================================================================
Received Import Request.
  Time since last request: 100.712384 seconds.
  path: Assets/Warped City Assets/Artwork/SPRITES/misc/shot-hit/ImpactEffect.anim
  artifactKey: Guid(70bf95e1c8d4a744a85c4ace971addab) Importer(815301076,1909f56bfc062723c751e8b465ee728b)
Start importing Assets/Warped City Assets/Artwork/SPRITES/misc/shot-hit/ImpactEffect.anim using Guid(70bf95e1c8d4a744a85c4ace971addab) Importer(815301076,1909f56bfc062723c751e8b465ee728b)  -> (artifact id: '5f4ba446445bfa3a781daf48d69cac50') in 0.013203 seconds
  Import took 0.023313 seconds .

========================================================================
Received Import Request.
  Time since last request: 68.346491 seconds.
  path: Assets/Warped City Assets/Artwork/SPRITES/misc/shot-hit/ImpactEffect.controller
  artifactKey: Guid(7783a6b6f495070458dc61a59468f88c) Importer(815301076,1909f56bfc062723c751e8b465ee728b)
Start importing Assets/Warped City Assets/Artwork/SPRITES/misc/shot-hit/ImpactEffect.controller using Guid(7783a6b6f495070458dc61a59468f88c) Importer(815301076,1909f56bfc062723c751e8b465ee728b)  -> (artifact id: 'ca2ca5ce9c59454f74ac595f6946a5bf') in 0.003204 seconds
  Import took 0.041420 seconds .

========================================================================
Received Import Request.
  Time since last request: 1.085832 seconds.
  path: Assets/Warped City Assets/Artwork/SPRITES/misc/shot-hit/ImpactEffect.anim
  artifactKey: Guid(70bf95e1c8d4a744a85c4ace971addab) Importer(815301076,1909f56bfc062723c751e8b465ee728b)
Start importing Assets/Warped City Assets/Artwork/SPRITES/misc/shot-hit/ImpactEffect.anim using Guid(70bf95e1c8d4a744a85c4ace971addab) Importer(815301076,1909f56bfc062723c751e8b465ee728b)  -> (artifact id: 'a1ecfceaa38a643553ad5216165661a7') in 0.005091 seconds
  Import took 0.008520 seconds .

========================================================================
Received Import Request.
  Time since last request: 24.158745 seconds.
  path: Assets/Main Game/Prefabs/ImpactEffect.prefab
  artifactKey: Guid(22f2a6064672e264ca3c321ed439ecae) Importer(815301076,1909f56bfc062723c751e8b465ee728b)
Start importing Assets/Main Game/Prefabs/ImpactEffect.prefab using Guid(22f2a6064672e264ca3c321ed439ecae) Importer(815301076,1909f56bfc062723c751e8b465ee728b) The Animator Controller (ImpactEffect) you have used is not valid. Animations will not play
UnityEngine.StackTraceUtility:ExtractStackTrace ()
UnityEditor.EditorUtility:Internal_InstantiateRemoveAllNonAnimationComponentsSingle (UnityEngine.Object,UnityEngine.Vector3,UnityEngine.Quaternion)
UnityEditor.EditorUtility:InstantiateRemoveAllNonAnimationComponents (UnityEngine.Object,UnityEngine.Vector3,UnityEngine.Quaternion)
UnityEditor.EditorUtility:InstantiateForAnimatorPreview (UnityEngine.Object)
UnityEditor.GameObjectInspector/PreviewData:UpdateGameObject (UnityEngine.Object)
UnityEditor.GameObjectInspector/PreviewData:.ctor (UnityEngine.Object)
UnityEditor.GameObjectInspector:GetPreviewData ()
UnityEditor.GameObjectInspector:RenderStaticPreview (string,UnityEngine.Object[],int,int)
UnityEditor.AssetPreviewUpdater:CreatePreviewForAsset (UnityEngine.Object,UnityEngine.Object[],string)

[C:\buildslave\unity\build\Modules/Animation/Director/AnimatorControllerPlayable.cpp line 333]

The Animator Controller (ImpactEffect) you have used is not valid. Animations will not play
UnityEngine.StackTraceUtility:ExtractStackTrace ()
UnityEditor.EditorUtility:InitInstantiatedPreviewRecursive (UnityEngine.GameObject)
UnityEditor.EditorUtility:InstantiateForAnimatorPreview (UnityEngine.Object)
UnityEditor.GameObjectInspector/PreviewData:UpdateGameObject (UnityEngine.Object)
UnityEditor.GameObjectInspector/PreviewData:.ctor (UnityEngine.Object)
UnityEditor.GameObjectInspector:GetPreviewData ()
UnityEditor.GameObjectInspector:RenderStaticPreview (string,UnityEngine.Object[],int,int)
UnityEditor.AssetPreviewUpdater:CreatePreviewForAsset (UnityEngine.Object,UnityEngine.Object[],string)

[C:\buildslave\unity\build\Modules/Animation/Director/AnimatorControllerPlayable.cpp line 333]

 -> (artifact id: 'e521db8625f2979904c6d1b3c1e8ddb8') in 0.021544 seconds
  Import took 0.025749 seconds .

========================================================================
Received Prepare
Registering precompiled user dll's ...
Registered in 0.000985 seconds.
Begin MonoManager ReloadAssembly
Native extension for WindowsStandalone target not found
Refreshing native plugins compatible for Editor in 0.74 ms, found 1 plugins.
Preloading 0 native plugins for Editor in 0.00 ms.
Mono: successfully reloaded assembly
- Completed reload, in  0.977 seconds
Platform modules already initialized, skipping
Refreshing native plugins compatible for Editor in 0.47 ms, found 1 plugins.
Preloading 0 native plugins for Editor in 0.00 ms.
Unloading 1818 Unused Serialized files (Serialized files now loaded: 0)
System memory in use before: 90.1 MB.
System memory in use after: 90.1 MB.

Unloading 12 unused Assets to reduce memory usage. Loaded Objects now: 2323.
Total: 2.434800 ms (FindLiveObjects: 0.238600 ms CreateObjectMapping: 0.054100 ms MarkObjects: 1.951600 ms  DeleteObjects: 0.189200 ms)

========================================================================
Received Import Request.
  Time since last request: 72.538442 seconds.
  path: Assets/Main Game/Prefabs/Bullet.prefab
  artifactKey: Guid(cbda0645728d1b74f8c8d30775df5079) Importer(815301076,1909f56bfc062723c751e8b465ee728b)
Start importing Assets/Main Game/Prefabs/Bullet.prefab using Guid(cbda0645728d1b74f8c8d30775df5079) Importer(815301076,1909f56bfc062723c751e8b465ee728b)  -> (artifact id: '54e9aff2dbce71e930cc23e4a6ca505c') in 0.063455 seconds
  Import took 0.067344 seconds .

========================================================================
Received Import Request.
  Time since last request: 4.082708 seconds.
  path: Assets/Main Game/Prefabs/Bullet.prefab
  artifactKey: Guid(cbda0645728d1b74f8c8d30775df5079) Importer(815301076,1909f56bfc062723c751e8b465ee728b)
Start importing Assets/Main Game/Prefabs/Bullet.prefab using Guid(cbda0645728d1b74f8c8d30775df5079) Importer(815301076,1909f56bfc062723c751e8b465ee728b)  -> (artifact id: 'fa4ed19f794dba1185db90aaaadc0d86') in 0.016103 seconds
  Import took 0.020184 seconds .

========================================================================
Received Prepare
Registering precompiled user dll's ...
Registered in 0.001272 seconds.
Begin MonoManager ReloadAssembly
Native extension for WindowsStandalone target not found
Refreshing native plugins compatible for Editor in 0.44 ms, found 1 plugins.
Preloading 0 native plugins for Editor in 0.00 ms.
Mono: successfully reloaded assembly
- Completed reload, in  0.952 seconds
Platform modules already initialized, skipping
Refreshing native plugins compatible for Editor in 0.53 ms, found 1 plugins.
Preloading 0 native plugins for Editor in 0.00 ms.
Unloading 1818 Unused Serialized files (Serialized files now loaded: 0)
System memory in use before: 90.2 MB.
System memory in use after: 90.1 MB.

Unloading 12 unused Assets to reduce memory usage. Loaded Objects now: 2328.
Total: 4.634300 ms (FindLiveObjects: 0.373700 ms CreateObjectMapping: 0.155500 ms MarkObjects: 3.950700 ms  DeleteObjects: 0.152400 ms)

========================================================================
Received Prepare
Registering precompiled user dll's ...
Registered in 0.001025 seconds.
Begin MonoManager ReloadAssembly
Native extension for WindowsStandalone target not found
Refreshing native plugins compatible for Editor in 0.42 ms, found 1 plugins.
Preloading 0 native plugins for Editor in 0.00 ms.
Mono: successfully reloaded assembly
- Completed reload, in  0.983 seconds
Platform modules already initialized, skipping
Refreshing native plugins compatible for Editor in 0.46 ms, found 1 plugins.
Preloading 0 native plugins for Editor in 0.00 ms.
Unloading 1818 Unused Serialized files (Serialized files now loaded: 0)
System memory in use before: 90.2 MB.
System memory in use after: 90.1 MB.

Unloading 12 unused Assets to reduce memory usage. Loaded Objects now: 2332.
Total: 2.391300 ms (FindLiveObjects: 0.269700 ms CreateObjectMapping: 0.084600 ms MarkObjects: 1.897900 ms  DeleteObjects: 0.138100 ms)

========================================================================
Received Prepare
Registering precompiled user dll's ...
Registered in 0.001322 seconds.
Begin MonoManager ReloadAssembly
Native extension for WindowsStandalone target not found
Refreshing native plugins compatible for Editor in 0.49 ms, found 1 plugins.
Preloading 0 native plugins for Editor in 0.00 ms.
Mono: successfully reloaded assembly
- Completed reload, in  1.021 seconds
Platform modules already initialized, skipping
Refreshing native plugins compatible for Editor in 0.47 ms, found 1 plugins.
Preloading 0 native plugins for Editor in 0.00 ms.
Unloading 1818 Unused Serialized files (Serialized files now loaded: 0)
System memory in use before: 90.2 MB.
System memory in use after: 90.2 MB.

Unloading 12 unused Assets to reduce memory usage. Loaded Objects now: 2336.
Total: 2.560800 ms (FindLiveObjects: 0.192200 ms CreateObjectMapping: 0.059600 ms MarkObjects: 2.167000 ms  DeleteObjects: 0.139900 ms)

========================================================================
Received Prepare
Registering precompiled user dll's ...
Registered in 0.001152 seconds.
Begin MonoManager ReloadAssembly
Native extension for WindowsStandalone target not found
Refreshing native plugins compatible for Editor in 0.46 ms, found 1 plugins.
Preloading 0 native plugins for Editor in 0.00 ms.
Mono: successfully reloaded assembly
- Completed reload, in  1.186 seconds
Platform modules already initialized, skipping
Refreshing native plugins compatible for Editor in 0.47 ms, found 1 plugins.
Preloading 0 native plugins for Editor in 0.00 ms.
Unloading 1818 Unused Serialized files (Serialized files now loaded: 0)
System memory in use before: 90.2 MB.
System memory in use after: 90.2 MB.

Unloading 12 unused Assets to reduce memory usage. Loaded Objects now: 2340.
Total: 2.354400 ms (FindLiveObjects: 0.199700 ms CreateObjectMapping: 0.053700 ms MarkObjects: 1.984400 ms  DeleteObjects: 0.115900 ms)

========================================================================
Received Prepare
Registering precompiled user dll's ...
Registered in 0.001004 seconds.
Begin MonoManager ReloadAssembly
Native extension for WindowsStandalone target not found
Refreshing native plugins compatible for Editor in 0.50 ms, found 1 plugins.
Preloading 0 native plugins for Editor in 0.00 ms.
Mono: successfully reloaded assembly
- Completed reload, in  3.300 seconds
Platform modules already initialized, skipping
Refreshing native plugins compatible for Editor in 0.53 ms, found 1 plugins.
Preloading 0 native plugins for Editor in 0.00 ms.
Unloading 1818 Unused Serialized files (Serialized files now loaded: 0)
System memory in use before: 90.2 MB.
System memory in use after: 90.2 MB.

Unloading 12 unused Assets to reduce memory usage. Loaded Objects now: 2344.
Total: 4.019900 ms (FindLiveObjects: 0.258900 ms CreateObjectMapping: 0.090800 ms MarkObjects: 3.520700 ms  DeleteObjects: 0.147900 ms)

========================================================================
Received Prepare
Registering precompiled user dll's ...
Registered in 0.001045 seconds.
Begin MonoManager ReloadAssembly
Native extension for WindowsStandalone target not found
Refreshing native plugins compatible for Editor in 0.46 ms, found 1 plugins.
Preloading 0 native plugins for Editor in 0.00 ms.
Mono: successfully reloaded assembly
- Completed reload, in  0.954 seconds
Platform modules already initialized, skipping
Refreshing native plugins compatible for Editor in 0.50 ms, found 1 plugins.
Preloading 0 native plugins for Editor in 0.00 ms.
Unloading 1818 Unused Serialized files (Serialized files now loaded: 0)
System memory in use before: 90.2 MB.
System memory in use after: 90.2 MB.

Unloading 12 unused Assets to reduce memory usage. Loaded Objects now: 2348.
Total: 2.319500 ms (FindLiveObjects: 0.197600 ms CreateObjectMapping: 0.050800 ms MarkObjects: 1.917900 ms  DeleteObjects: 0.152100 ms)

========================================================================
Received Prepare
Registering precompiled user dll's ...
Registered in 0.001198 seconds.
Begin MonoManager ReloadAssembly
Native extension for WindowsStandalone target not found
Refreshing native plugins compatible for Editor in 0.47 ms, found 1 plugins.
Preloading 0 native plugins for Editor in 0.00 ms.
Mono: successfully reloaded assembly
- Completed reload, in  0.936 seconds
Platform modules already initialized, skipping
Refreshing native plugins compatible for Editor in 0.46 ms, found 1 plugins.
Preloading 0 native plugins for Editor in 0.00 ms.
Unloading 1818 Unused Serialized files (Serialized files now loaded: 0)
System memory in use before: 90.2 MB.
System memory in use after: 90.2 MB.

Unloading 12 unused Assets to reduce memory usage. Loaded Objects now: 2352.
Total: 2.570000 ms (FindLiveObjects: 0.195900 ms CreateObjectMapping: 0.060200 ms MarkObjects: 2.204400 ms  DeleteObjects: 0.108600 ms)

========================================================================
Received Import Request.
  Time since last request: 367.189452 seconds.
  path: Assets/Main Game/Scripts/HitEffect.cs
  artifactKey: Guid(bf3156e0fe946584e90acbdac2348e37) Importer(815301076,1909f56bfc062723c751e8b465ee728b)
Start importing Assets/Main Game/Scripts/HitEffect.cs using Guid(bf3156e0fe946584e90acbdac2348e37) Importer(815301076,1909f56bfc062723c751e8b465ee728b)  -> (artifact id: '6651184ed06b6bf3e62b0ef5a30e13e3') in 0.017892 seconds
  Import took 0.023226 seconds .

========================================================================
Received Prepare
Registering precompiled user dll's ...
Registered in 0.000917 seconds.
Begin MonoManager ReloadAssembly
Native extension for WindowsStandalone target not found
Refreshing native plugins compatible for Editor in 0.54 ms, found 1 plugins.
Preloading 0 native plugins for Editor in 0.00 ms.
Mono: successfully reloaded assembly
- Completed reload, in  1.030 seconds
Platform modules already initialized, skipping
Refreshing native plugins compatible for Editor in 0.44 ms, found 1 plugins.
Preloading 0 native plugins for Editor in 0.00 ms.
Unloading 1819 Unused Serialized files (Serialized files now loaded: 0)
System memory in use before: 90.3 MB.
System memory in use after: 90.2 MB.

Unloading 12 unused Assets to reduce memory usage. Loaded Objects now: 2357.
Total: 2.407400 ms (FindLiveObjects: 0.168200 ms CreateObjectMapping: 0.057500 ms MarkObjects: 2.037300 ms  DeleteObjects: 0.140900 ms)

========================================================================
Received Import Request.
  Time since last request: 87.389364 seconds.
  path: Assets/Main Game/Scripts/HitEffect.cs
  artifactKey: Guid(bf3156e0fe946584e90acbdac2348e37) Importer(815301076,1909f56bfc062723c751e8b465ee728b)
Start importing Assets/Main Game/Scripts/HitEffect.cs using Guid(bf3156e0fe946584e90acbdac2348e37) Importer(815301076,1909f56bfc062723c751e8b465ee728b)  -> (artifact id: 'cbc24fc3e622a9c4ef0f74526889bdcf') in 0.020010 seconds
  Import took 0.031788 seconds .

========================================================================
Received Import Request.
  Time since last request: 43.970736 seconds.
  path: Assets/Main Game/Scripts/HitEffect.cs
  artifactKey: Guid(bf3156e0fe946584e90acbdac2348e37) Importer(815301076,1909f56bfc062723c751e8b465ee728b)
Start importing Assets/Main Game/Scripts/HitEffect.cs using Guid(bf3156e0fe946584e90acbdac2348e37) Importer(815301076,1909f56bfc062723c751e8b465ee728b)  -> (artifact id: '3965143b74bc97289745cc627f548c03') in 0.003629 seconds
  Import took 0.017979 seconds .

========================================================================
Received Import Request.
  Time since last request: 13.740836 seconds.
  path: Assets/Main Game/Scripts/HitEffect.cs
  artifactKey: Guid(bf3156e0fe946584e90acbdac2348e37) Importer(815301076,1909f56bfc062723c751e8b465ee728b)
Start importing Assets/Main Game/Scripts/HitEffect.cs using Guid(bf3156e0fe946584e90acbdac2348e37) Importer(815301076,1909f56bfc062723c751e8b465ee728b)  -> (artifact id: 'dc23b8f94d283c340464bb4df9c1ef18') in 0.004201 seconds
  Import took 0.020461 seconds .

========================================================================
Received Prepare
Registering precompiled user dll's ...
Registered in 0.002202 seconds.
Begin MonoManager ReloadAssembly
Native extension for WindowsStandalone target not found
Refreshing native plugins compatible for Editor in 1.31 ms, found 1 plugins.
Preloading 0 native plugins for Editor in 0.00 ms.
Mono: successfully reloaded assembly
- Completed reload, in  1.494 seconds
Platform modules already initialized, skipping
Refreshing native plugins compatible for Editor in 0.53 ms, found 1 plugins.
Preloading 0 native plugins for Editor in 0.00 ms.
Unloading 1819 Unused Serialized files (Serialized files now loaded: 0)
System memory in use before: 90.3 MB.
System memory in use after: 90.2 MB.

Unloading 12 unused Assets to reduce memory usage. Loaded Objects now: 2361.
Total: 2.716500 ms (FindLiveObjects: 0.234300 ms CreateObjectMapping: 0.093600 ms MarkObjects: 2.210500 ms  DeleteObjects: 0.176600 ms)

========================================================================
Received Import Request.
  Time since last request: 44.437903 seconds.
  path: Assets/Main Game/Scripts/HitEffect.cs
  artifactKey: Guid(bf3156e0fe946584e90acbdac2348e37) Importer(815301076,1909f56bfc062723c751e8b465ee728b)
Start importing Assets/Main Game/Scripts/HitEffect.cs using Guid(bf3156e0fe946584e90acbdac2348e37) Importer(815301076,1909f56bfc062723c751e8b465ee728b)  -> (artifact id: 'a0ff2f5bbbbd96fe8000034ae7a02148') in 0.005295 seconds
  Import took 0.011651 seconds .

========================================================================
Received Prepare
Registering precompiled user dll's ...
Registered in 0.001879 seconds.
Begin MonoManager ReloadAssembly
Native extension for WindowsStandalone target not found
Refreshing native plugins compatible for Editor in 4.05 ms, found 1 plugins.
Preloading 0 native plugins for Editor in 0.00 ms.
Mono: successfully reloaded assembly
- Completed reload, in  1.515 seconds
Platform modules already initialized, skipping
Refreshing native plugins compatible for Editor in 0.55 ms, found 1 plugins.
Preloading 0 native plugins for Editor in 0.00 ms.
Unloading 1819 Unused Serialized files (Serialized files now loaded: 0)
System memory in use before: 90.3 MB.
System memory in use after: 90.3 MB.

Unloading 12 unused Assets to reduce memory usage. Loaded Objects now: 2365.
Total: 3.243000 ms (FindLiveObjects: 0.255700 ms CreateObjectMapping: 0.089800 ms MarkObjects: 2.752800 ms  DeleteObjects: 0.143100 ms)

========================================================================
Received Import Request.
  Time since last request: 32.948658 seconds.
  path: Assets/Main Game/Prefabs/ImpactEffect.prefab
  artifactKey: Guid(22f2a6064672e264ca3c321ed439ecae) Importer(815301076,1909f56bfc062723c751e8b465ee728b)
Start importing Assets/Main Game/Prefabs/ImpactEffect.prefab using Guid(22f2a6064672e264ca3c321ed439ecae) Importer(815301076,1909f56bfc062723c751e8b465ee728b) The Animator Controller (ImpactEffect) you have used is not valid. Animations will not play
UnityEngine.StackTraceUtility:ExtractStackTrace ()
UnityEditor.EditorUtility:Internal_InstantiateRemoveAllNonAnimationComponentsSingle (UnityEngine.Object,UnityEngine.Vector3,UnityEngine.Quaternion)
UnityEditor.EditorUtility:InstantiateRemoveAllNonAnimationComponents (UnityEngine.Object,UnityEngine.Vector3,UnityEngine.Quaternion)
UnityEditor.EditorUtility:InstantiateForAnimatorPreview (UnityEngine.Object)
UnityEditor.GameObjectInspector/PreviewData:UpdateGameObject (UnityEngine.Object)
UnityEditor.GameObjectInspector/PreviewData:.ctor (UnityEngine.Object)
UnityEditor.GameObjectInspector:GetPreviewData ()
UnityEditor.GameObjectInspector:RenderStaticPreview (string,UnityEngine.Object[],int,int)
UnityEditor.AssetPreviewUpdater:CreatePreviewForAsset (UnityEngine.Object,UnityEngine.Object[],string)

[C:\buildslave\unity\build\Modules/Animation/Director/AnimatorControllerPlayable.cpp line 333]

The Animator Controller (ImpactEffect) you have used is not valid. Animations will not play
UnityEngine.StackTraceUtility:ExtractStackTrace ()
UnityEditor.EditorUtility:InitInstantiatedPreviewRecursive (UnityEngine.GameObject)
UnityEditor.EditorUtility:InstantiateForAnimatorPreview (UnityEngine.Object)
UnityEditor.GameObjectInspector/PreviewData:UpdateGameObject (UnityEngine.Object)
UnityEditor.GameObjectInspector/PreviewData:.ctor (UnityEngine.Object)
UnityEditor.GameObjectInspector:GetPreviewData ()
UnityEditor.GameObjectInspector:RenderStaticPreview (string,UnityEngine.Object[],int,int)
UnityEditor.AssetPreviewUpdater:CreatePreviewForAsset (UnityEngine.Object,UnityEngine.Object[],string)

[C:\buildslave\unity\build\Modules/Animation/Director/AnimatorControllerPlayable.cpp line 333]

 -> (artifact id: 'a9cb88d0143eae72bdf6efeae932b71a') in 0.096226 seconds
  Import took 0.100531 seconds .

========================================================================
Received Prepare
Registering precompiled user dll's ...
Registered in 0.001350 seconds.
Begin MonoManager ReloadAssembly
Native extension for WindowsStandalone target not found
Refreshing native plugins compatible for Editor in 0.50 ms, found 1 plugins.
Preloading 0 native plugins for Editor in 0.00 ms.
Mono: successfully reloaded assembly
- Completed reload, in  1.312 seconds
Platform modules already initialized, skipping
Refreshing native plugins compatible for Editor in 0.50 ms, found 1 plugins.
Preloading 0 native plugins for Editor in 0.00 ms.
Unloading 1819 Unused Serialized files (Serialized files now loaded: 0)
System memory in use before: 90.3 MB.
System memory in use after: 90.3 MB.

Unloading 12 unused Assets to reduce memory usage. Loaded Objects now: 2370.
Total: 3.181100 ms (FindLiveObjects: 0.328000 ms CreateObjectMapping: 0.101600 ms MarkObjects: 2.601400 ms  DeleteObjects: 0.148300 ms)

========================================================================
Received Prepare
Registering precompiled user dll's ...
Registered in 0.001372 seconds.
Begin MonoManager ReloadAssembly
Native extension for WindowsStandalone target not found
Refreshing native plugins compatible for Editor in 0.54 ms, found 1 plugins.
Preloading 0 native plugins for Editor in 0.00 ms.
Mono: successfully reloaded assembly
- Completed reload, in  1.698 seconds
Platform modules already initialized, skipping
Refreshing native plugins compatible for Editor in 0.57 ms, found 1 plugins.
Preloading 0 native plugins for Editor in 0.00 ms.
Unloading 1819 Unused Serialized files (Serialized files now loaded: 0)
System memory in use before: 90.3 MB.
System memory in use after: 90.3 MB.

Unloading 12 unused Assets to reduce memory usage. Loaded Objects now: 2374.
Total: 3.560500 ms (FindLiveObjects: 0.214000 ms CreateObjectMapping: 0.074800 ms MarkObjects: 3.049400 ms  DeleteObjects: 0.220700 ms)

========================================================================
Received Prepare
Registering precompiled user dll's ...
Registered in 0.001512 seconds.
Begin MonoManager ReloadAssembly
Native extension for WindowsStandalone target not found
Refreshing native plugins compatible for Editor in 0.52 ms, found 1 plugins.
Preloading 0 native plugins for Editor in 0.00 ms.
Mono: successfully reloaded assembly
- Completed reload, in  1.439 seconds
Platform modules already initialized, skipping
Refreshing native plugins compatible for Editor in 0.52 ms, found 1 plugins.
Preloading 0 native plugins for Editor in 0.00 ms.
Unloading 1819 Unused Serialized files (Serialized files now loaded: 0)
System memory in use before: 90.3 MB.
System memory in use after: 90.3 MB.

Unloading 12 unused Assets to reduce memory usage. Loaded Objects now: 2378.
Total: 3.174800 ms (FindLiveObjects: 0.228100 ms CreateObjectMapping: 0.086700 ms MarkObjects: 2.590100 ms  DeleteObjects: 0.268700 ms)

========================================================================
Received Prepare
Registering precompiled user dll's ...
Registered in 0.003648 seconds.
Begin MonoManager ReloadAssembly
Native extension for WindowsStandalone target not found
Refreshing native plugins compatible for Editor in 0.50 ms, found 1 plugins.
Preloading 0 native plugins for Editor in 0.00 ms.
Mono: successfully reloaded assembly
- Completed reload, in  1.308 seconds
Platform modules already initialized, skipping
Refreshing native plugins compatible for Editor in 0.67 ms, found 1 plugins.
Preloading 0 native plugins for Editor in 0.00 ms.
Unloading 1819 Unused Serialized files (Serialized files now loaded: 0)
System memory in use before: 90.3 MB.
System memory in use after: 90.3 MB.

Unloading 12 unused Assets to reduce memory usage. Loaded Objects now: 2382.
Total: 3.014900 ms (FindLiveObjects: 0.268000 ms CreateObjectMapping: 0.073700 ms MarkObjects: 2.535900 ms  DeleteObjects: 0.136100 ms)

========================================================================
Received Prepare
Registering precompiled user dll's ...
Registered in 0.001676 seconds.
Begin MonoManager ReloadAssembly
Native extension for WindowsStandalone target not found
Refreshing native plugins compatible for Editor in 0.62 ms, found 1 plugins.
Preloading 0 native plugins for Editor in 0.00 ms.
Mono: successfully reloaded assembly
- Completed reload, in  1.667 seconds
Platform modules already initialized, skipping
Refreshing native plugins compatible for Editor in 1.81 ms, found 1 plugins.
Preloading 0 native plugins for Editor in 0.00 ms.
Unloading 1819 Unused Serialized files (Serialized files now loaded: 0)
System memory in use before: 90.3 MB.
System memory in use after: 90.3 MB.

Unloading 12 unused Assets to reduce memory usage. Loaded Objects now: 2386.
Total: 5.524500 ms (FindLiveObjects: 0.386700 ms CreateObjectMapping: 0.316600 ms MarkObjects: 4.649000 ms  DeleteObjects: 0.170700 ms)

========================================================================
Received Prepare
Registering precompiled user dll's ...
Registered in 0.008420 seconds.
Begin MonoManager ReloadAssembly
Native extension for WindowsStandalone target not found
Refreshing native plugins compatible for Editor in 0.79 ms, found 1 plugins.
Preloading 0 native plugins for Editor in 0.00 ms.
Mono: successfully reloaded assembly
- Completed reload, in  1.991 seconds
Platform modules already initialized, skipping
Refreshing native plugins compatible for Editor in 0.57 ms, found 1 plugins.
Preloading 0 native plugins for Editor in 0.00 ms.
Unloading 1819 Unused Serialized files (Serialized files now loaded: 0)
System memory in use before: 90.3 MB.
System memory in use after: 90.3 MB.

Unloading 12 unused Assets to reduce memory usage. Loaded Objects now: 2390.
Total: 3.578400 ms (FindLiveObjects: 0.272900 ms CreateObjectMapping: 0.098600 ms MarkObjects: 2.890900 ms  DeleteObjects: 0.313900 ms)

========================================================================
Received Prepare
Registering precompiled user dll's ...
Registered in 0.002258 seconds.
Begin MonoManager ReloadAssembly
Native extension for WindowsStandalone target not found
Refreshing native plugins compatible for Editor in 1.15 ms, found 1 plugins.
Preloading 0 native plugins for Editor in 0.00 ms.
Mono: successfully reloaded assembly
- Completed reload, in  1.533 seconds
Platform modules already initialized, skipping
Refreshing native plugins compatible for Editor in 0.62 ms, found 1 plugins.
Preloading 0 native plugins for Editor in 0.00 ms.
Unloading 1819 Unused Serialized files (Serialized files now loaded: 0)
System memory in use before: 90.3 MB.
System memory in use after: 90.3 MB.

Unloading 12 unused Assets to reduce memory usage. Loaded Objects now: 2394.
Total: 3.084400 ms (FindLiveObjects: 0.315400 ms CreateObjectMapping: 0.086600 ms MarkObjects: 2.540700 ms  DeleteObjects: 0.139800 ms)

========================================================================
Received Prepare
Registering precompiled user dll's ...
Registered in 0.005032 seconds.
Begin MonoManager ReloadAssembly
Native extension for WindowsStandalone target not found
Refreshing native plugins compatible for Editor in 0.58 ms, found 1 plugins.
Preloading 0 native plugins for Editor in 0.00 ms.
Mono: successfully reloaded assembly
- Completed reload, in  1.384 seconds
Platform modules already initialized, skipping
Refreshing native plugins compatible for Editor in 0.56 ms, found 1 plugins.
Preloading 0 native plugins for Editor in 0.00 ms.
Unloading 1819 Unused Serialized files (Serialized files now loaded: 0)
System memory in use before: 90.3 MB.
System memory in use after: 90.3 MB.

Unloading 12 unused Assets to reduce memory usage. Loaded Objects now: 2398.
Total: 3.373500 ms (FindLiveObjects: 0.251400 ms CreateObjectMapping: 0.073600 ms MarkObjects: 2.913100 ms  DeleteObjects: 0.133500 ms)

========================================================================
Received Prepare
Registering precompiled user dll's ...
Registered in 0.005381 seconds.
Begin MonoManager ReloadAssembly
Native extension for WindowsStandalone target not found
Refreshing native plugins compatible for Editor in 1.28 ms, found 1 plugins.
Preloading 0 native plugins for Editor in 0.00 ms.
Mono: successfully reloaded assembly
- Completed reload, in  1.486 seconds
Platform modules already initialized, skipping
Refreshing native plugins compatible for Editor in 0.55 ms, found 1 plugins.
Preloading 0 native plugins for Editor in 0.00 ms.
Unloading 1819 Unused Serialized files (Serialized files now loaded: 0)
System memory in use before: 90.3 MB.
System memory in use after: 90.3 MB.

Unloading 12 unused Assets to reduce memory usage. Loaded Objects now: 2402.
Total: 3.088500 ms (FindLiveObjects: 0.256000 ms CreateObjectMapping: 0.065800 ms MarkObjects: 2.614100 ms  DeleteObjects: 0.151200 ms)

========================================================================
Received Prepare
Registering precompiled user dll's ...
Registered in 0.002312 seconds.
Begin MonoManager ReloadAssembly
Native extension for WindowsStandalone target not found
Refreshing native plugins compatible for Editor in 0.59 ms, found 1 plugins.
Preloading 0 native plugins for Editor in 0.00 ms.
Mono: successfully reloaded assembly
- Completed reload, in  1.254 seconds
Platform modules already initialized, skipping
Refreshing native plugins compatible for Editor in 0.59 ms, found 1 plugins.
Preloading 0 native plugins for Editor in 0.00 ms.
Unloading 1819 Unused Serialized files (Serialized files now loaded: 0)
System memory in use before: 90.4 MB.
System memory in use after: 90.3 MB.

Unloading 12 unused Assets to reduce memory usage. Loaded Objects now: 2406.
Total: 2.948400 ms (FindLiveObjects: 0.268200 ms CreateObjectMapping: 0.074000 ms MarkObjects: 2.458600 ms  DeleteObjects: 0.146400 ms)

========================================================================
Received Prepare
Registering precompiled user dll's ...
Registered in 0.001337 seconds.
Begin MonoManager ReloadAssembly
Native extension for WindowsStandalone target not found
Refreshing native plugins compatible for Editor in 0.61 ms, found 1 plugins.
Preloading 0 native plugins for Editor in 0.00 ms.
Mono: successfully reloaded assembly
- Completed reload, in  1.456 seconds
Platform modules already initialized, skipping
Refreshing native plugins compatible for Editor in 0.53 ms, found 1 plugins.
Preloading 0 native plugins for Editor in 0.00 ms.
Unloading 1819 Unused Serialized files (Serialized files now loaded: 0)
System memory in use before: 90.4 MB.
System memory in use after: 90.3 MB.

Unloading 12 unused Assets to reduce memory usage. Loaded Objects now: 2410.
Total: 2.991900 ms (FindLiveObjects: 0.279500 ms CreateObjectMapping: 0.070500 ms MarkObjects: 2.507900 ms  DeleteObjects: 0.132500 ms)

========================================================================
Received Prepare
Registering precompiled user dll's ...
Registered in 0.002502 seconds.
Begin MonoManager ReloadAssembly
Native extension for WindowsStandalone target not found
Refreshing native plugins compatible for Editor in 0.58 ms, found 1 plugins.
Preloading 0 native plugins for Editor in 0.00 ms.
Mono: successfully reloaded assembly
- Completed reload, in  1.865 seconds
Platform modules already initialized, skipping
Refreshing native plugins compatible for Editor in 0.53 ms, found 1 plugins.
Preloading 0 native plugins for Editor in 0.00 ms.
Unloading 1819 Unused Serialized files (Serialized files now loaded: 0)
System memory in use before: 90.4 MB.
System memory in use after: 90.3 MB.

Unloading 12 unused Assets to reduce memory usage. Loaded Objects now: 2414.
Total: 2.879200 ms (FindLiveObjects: 0.318300 ms CreateObjectMapping: 0.100100 ms MarkObjects: 2.326000 ms  DeleteObjects: 0.131100 ms)

========================================================================
Received Prepare
Registering precompiled user dll's ...
Registered in 0.001972 seconds.
Begin MonoManager ReloadAssembly
Native extension for WindowsStandalone target not found
Refreshing native plugins compatible for Editor in 1.40 ms, found 1 plugins.
Preloading 0 native plugins for Editor in 0.00 ms.
Mono: successfully reloaded assembly
- Completed reload, in  1.253 seconds
Platform modules already initialized, skipping
Refreshing native plugins compatible for Editor in 0.57 ms, found 1 plugins.
Preloading 0 native plugins for Editor in 0.00 ms.
Unloading 1819 Unused Serialized files (Serialized files now loaded: 0)
System memory in use before: 90.4 MB.
System memory in use after: 90.4 MB.

Unloading 12 unused Assets to reduce memory usage. Loaded Objects now: 2418.
Total: 3.063700 ms (FindLiveObjects: 0.310900 ms CreateObjectMapping: 0.088000 ms MarkObjects: 2.491000 ms  DeleteObjects: 0.172200 ms)

========================================================================
Received Prepare
Registering precompiled user dll's ...
Registered in 0.003140 seconds.
Begin MonoManager ReloadAssembly
Native extension for WindowsStandalone target not found
Refreshing native plugins compatible for Editor in 0.61 ms, found 1 plugins.
Preloading 0 native plugins for Editor in 0.00 ms.
Mono: successfully reloaded assembly
- Completed reload, in  1.150 seconds
Platform modules already initialized, skipping
Refreshing native plugins compatible for Editor in 0.52 ms, found 1 plugins.
Preloading 0 native plugins for Editor in 0.00 ms.
Unloading 1819 Unused Serialized files (Serialized files now loaded: 0)
System memory in use before: 90.4 MB.
System memory in use after: 90.4 MB.

Unloading 12 unused Assets to reduce memory usage. Loaded Objects now: 2422.
Total: 2.908000 ms (FindLiveObjects: 0.228500 ms CreateObjectMapping: 0.082200 ms MarkObjects: 2.465200 ms  DeleteObjects: 0.131000 ms)

========================================================================
Received Import Request.
  Time since last request: 1311.142100 seconds.
  path: Assets/Main Game/Prefabs/ImpactEffect.prefab
  artifactKey: Guid(22f2a6064672e264ca3c321ed439ecae) Importer(815301076,1909f56bfc062723c751e8b465ee728b)
Start importing Assets/Main Game/Prefabs/ImpactEffect.prefab using Guid(22f2a6064672e264ca3c321ed439ecae) Importer(815301076,1909f56bfc062723c751e8b465ee728b)  -> (artifact id: '050aecb4f7a02a4096f752bf541c01ba') in 0.108595 seconds
  Import took 0.115192 seconds .

========================================================================
Received Import Request.
  Time since last request: 0.031486 seconds.
  path: Assets/Main Game/Prefabs/ImpactEffect.prefab
  artifactKey: Guid(22f2a6064672e264ca3c321ed439ecae) Importer(815301076,1909f56bfc062723c751e8b465ee728b)
Start importing Assets/Main Game/Prefabs/ImpactEffect.prefab using Guid(22f2a6064672e264ca3c321ed439ecae) Importer(815301076,1909f56bfc062723c751e8b465ee728b)  -> (artifact id: '050aecb4f7a02a4096f752bf541c01ba') in 0.013398 seconds
  Import took 0.018756 seconds .

========================================================================
Received Prepare
Registering precompiled user dll's ...
Registered in 0.001449 seconds.
Begin MonoManager ReloadAssembly
Native extension for WindowsStandalone target not found
Refreshing native plugins compatible for Editor in 0.55 ms, found 1 plugins.
Preloading 0 native plugins for Editor in 0.00 ms.
Mono: successfully reloaded assembly
- Completed reload, in  1.248 seconds
Platform modules already initialized, skipping
Refreshing native plugins compatible for Editor in 1.40 ms, found 1 plugins.
Preloading 0 native plugins for Editor in 0.00 ms.
Unloading 1819 Unused Serialized files (Serialized files now loaded: 0)
System memory in use before: 90.4 MB.
System memory in use after: 90.4 MB.

Unloading 12 unused Assets to reduce memory usage. Loaded Objects now: 2427.
Total: 5.961500 ms (FindLiveObjects: 1.023500 ms CreateObjectMapping: 0.262300 ms MarkObjects: 4.422300 ms  DeleteObjects: 0.250800 ms)

========================================================================
Received Prepare
Registering precompiled user dll's ...
Registered in 0.001341 seconds.
Begin MonoManager ReloadAssembly
Native extension for WindowsStandalone target not found
Refreshing native plugins compatible for Editor in 0.58 ms, found 1 plugins.
Preloading 0 native plugins for Editor in 0.00 ms.
Mono: successfully reloaded assembly
- Completed reload, in  1.394 seconds
Platform modules already initialized, skipping
Refreshing native plugins compatible for Editor in 0.65 ms, found 1 plugins.
Preloading 0 native plugins for Editor in 0.00 ms.
Unloading 1819 Unused Serialized files (Serialized files now loaded: 0)
System memory in use before: 90.4 MB.
System memory in use after: 90.4 MB.

Unloading 12 unused Assets to reduce memory usage. Loaded Objects now: 2431.
Total: 5.191800 ms (FindLiveObjects: 0.310200 ms CreateObjectMapping: 0.148900 ms MarkObjects: 4.286300 ms  DeleteObjects: 0.444600 ms)

========================================================================
Received Prepare
Registering precompiled user dll's ...
Registered in 0.001489 seconds.
Begin MonoManager ReloadAssembly
Native extension for WindowsStandalone target not found
Refreshing native plugins compatible for Editor in 0.54 ms, found 1 plugins.
Preloading 0 native plugins for Editor in 0.00 ms.
Mono: successfully reloaded assembly
- Completed reload, in  1.394 seconds
Platform modules already initialized, skipping
Refreshing native plugins compatible for Editor in 0.51 ms, found 1 plugins.
Preloading 0 native plugins for Editor in 0.00 ms.
Unloading 1819 Unused Serialized files (Serialized files now loaded: 0)
System memory in use before: 90.4 MB.
System memory in use after: 90.4 MB.

Unloading 12 unused Assets to reduce memory usage. Loaded Objects now: 2435.
Total: 2.937900 ms (FindLiveObjects: 0.242500 ms CreateObjectMapping: 0.093700 ms MarkObjects: 2.472100 ms  DeleteObjects: 0.128600 ms)

========================================================================
Received Prepare
Registering precompiled user dll's ...
Registered in 0.002317 seconds.
Begin MonoManager ReloadAssembly
Native extension for WindowsStandalone target not found
Refreshing native plugins compatible for Editor in 0.54 ms, found 1 plugins.
Preloading 0 native plugins for Editor in 0.00 ms.
Mono: successfully reloaded assembly
- Completed reload, in  1.131 seconds
Platform modules already initialized, skipping
Refreshing native plugins compatible for Editor in 0.53 ms, found 1 plugins.
Preloading 0 native plugins for Editor in 0.00 ms.
Unloading 1819 Unused Serialized files (Serialized files now loaded: 0)
System memory in use before: 90.4 MB.
System memory in use after: 90.4 MB.

Unloading 12 unused Assets to reduce memory usage. Loaded Objects now: 2439.
Total: 2.993500 ms (FindLiveObjects: 0.234000 ms CreateObjectMapping: 0.101800 ms MarkObjects: 2.524500 ms  DeleteObjects: 0.132000 ms)

AssetImportWorkerClient::OnTransportError - code=2 error=End of file
